2025-03-25 11:11:19,049 | INFO | Experiment logger initialized for experiment_single_run. Log file: artifacts/highway-ppo/logs/20250325_111119_experiment_single_run.log
2025-03-25 11:11:19,656 | INFO | Starting training...
2025-03-25 11:11:19,656 | INFO | Device: Apple Silicon GPU
2025-03-25 11:11:19,656 | INFO | Max episodes: 300, Target reward: 0.0
2025-03-25 11:11:19,656 | INFO | Environment: highway-v0
2025-03-25 11:11:19,656 | INFO | Steps per update: 2048, PPO epochs: 6
2025-03-25 11:11:19,656 | INFO | Learning rate: 0.0001, Gamma: 0.99, Lambda: 0.95
2025-03-25 11:11:19,656 | INFO | Clip epsilon: 0.2, Value coef: 0.5, Entropy coef: 0.005
2025-03-25 11:11:19,656 | INFO | Performing initial evaluation...
2025-03-25 11:11:41,974 | INFO | initial_eval reward=6.35
2025-03-25 11:12:41,335 | INFO | episode=10 reward=5.66 avg_reward=9.77 steps=1628 episode_steps=13 time=81.68s
2025-03-25 11:12:57,204 | INFO | Updating policy after collecting 2048 steps...
2025-03-25 11:13:00,203 | INFO | update_complete loss=1.2436 policy_loss=-0.0019 value_loss=2.5195 entropy=2.8382 clip_frac=0.008 kl=0.00125 explained_var=-0.000
2025-03-25 11:13:00,206 | INFO | Policy update completed in 78.23s
2025-03-25 11:13:44,520 | INFO | episode=20 reward=2.34 avg_reward=6.58 steps=3268 episode_steps=200 time=144.86s
2025-03-25 11:14:14,477 | INFO | Updating policy after collecting 2048 steps...
2025-03-25 11:14:16,915 | INFO | update_complete loss=0.7248 policy_loss=-0.0016 value_loss=1.4812 entropy=2.8379 clip_frac=0.004 kl=0.00078 explained_var=0.064
2025-03-25 11:14:16,918 | INFO | Policy update completed in 76.71s
2025-03-25 11:14:45,613 | INFO | episode=30 reward=22.77 avg_reward=11.16 steps=4896 episode_steps=200 time=205.96s
2025-03-25 11:15:31,914 | INFO | episode=40 reward=0.82 avg_reward=6.47 steps=6144 episode_steps=11 time=252.26s
2025-03-25 11:15:31,915 | INFO | Updating policy after collecting 2048 steps...
2025-03-25 11:15:34,943 | INFO | update_complete loss=1.0249 policy_loss=-0.0044 value_loss=2.0870 entropy=2.8362 clip_frac=0.025 kl=0.00249 explained_var=0.174
2025-03-25 11:15:34,946 | INFO | Policy update completed in 78.03s
